running egg_info
writing ../../build/lookout_tower/lookout_tower.egg-info/PKG-INFO
writing dependency_links to ../../build/lookout_tower/lookout_tower.egg-info/dependency_links.txt
writing requirements to ../../build/lookout_tower/lookout_tower.egg-info/requires.txt
writing top-level names to ../../build/lookout_tower/lookout_tower.egg-info/top_level.txt
reading manifest file '../../build/lookout_tower/lookout_tower.egg-info/SOURCES.txt'
writing manifest file '../../build/lookout_tower/lookout_tower.egg-info/SOURCES.txt'
running build
running build_py
copying lookout_tower/__init__.py -> /home/william/repos/lookout_ws/build/lookout_tower/build/lib/lookout_tower
running install
running install_lib
running install_data
copying resource/lookout_tower -> /home/william/repos/lookout_ws/install/lookout_tower/share/ament_index/resource_index/packages
copying package.xml -> /home/william/repos/lookout_ws/install/lookout_tower/share/lookout_tower
copying worlds/living_room_world.world -> /home/william/repos/lookout_ws/install/lookout_tower/share/lookout_tower/worlds
copying worlds/maze.world -> /home/william/repos/lookout_ws/install/lookout_tower/share/lookout_tower/worlds
copying urdf/exort.xacro -> /home/william/repos/lookout_ws/install/lookout_tower/share/lookout_tower/urdf
copying urdf/exort.sdf -> /home/william/repos/lookout_ws/install/lookout_tower/share/lookout_tower/urdf
copying urdf/camera.urdf -> /home/william/repos/lookout_ws/install/lookout_tower/share/lookout_tower/urdf
copying urdf/exort.urdf -> /home/william/repos/lookout_ws/install/lookout_tower/share/lookout_tower/urdf
copying rviz/default_config.rviz -> /home/william/repos/lookout_ws/install/lookout_tower/share/lookout_tower/rviz
running install_egg_info
removing '/home/william/repos/lookout_ws/install/lookout_tower/lib/python3.10/site-packages/lookout_tower-0.0.0-py3.10.egg-info' (and everything under it)
Copying ../../build/lookout_tower/lookout_tower.egg-info to /home/william/repos/lookout_ws/install/lookout_tower/lib/python3.10/site-packages/lookout_tower-0.0.0-py3.10.egg-info
running install_scripts
writing list of installed files to '/home/william/repos/lookout_ws/build/lookout_tower/install.log'
