/home/william/repos/lookout_ws/install/lookout_tower/lib/python3.10/site-packages/lookout_tower/__init__.py
/home/william/repos/lookout_ws/install/lookout_tower/lib/python3.10/site-packages/lookout_tower/__pycache__/__init__.cpython-310.pyc
/home/william/repos/lookout_ws/install/lookout_tower/share/ament_index/resource_index/packages/lookout_tower
/home/william/repos/lookout_ws/install/lookout_tower/share/lookout_tower/package.xml
/home/william/repos/lookout_ws/install/lookout_tower/share/lookout_tower/launch/rsp.launch.py
/home/william/repos/lookout_ws/install/lookout_tower/share/lookout_tower/worlds/living_room_world.world
/home/william/repos/lookout_ws/install/lookout_tower/share/lookout_tower/worlds/maze.world
/home/william/repos/lookout_ws/install/lookout_tower/share/lookout_tower/urdf/exort.xacro
/home/william/repos/lookout_ws/install/lookout_tower/share/lookout_tower/urdf/exort.sdf
/home/william/repos/lookout_ws/install/lookout_tower/share/lookout_tower/urdf/camera.urdf
/home/william/repos/lookout_ws/install/lookout_tower/share/lookout_tower/urdf/exort.urdf
/home/william/repos/lookout_ws/install/lookout_tower/share/lookout_tower/description/robot_core.xacro
/home/william/repos/lookout_ws/install/lookout_tower/share/lookout_tower/description/robot.urdf.xacro
/home/william/repos/lookout_ws/install/lookout_tower/share/lookout_tower/rviz/default_config.rviz
/home/william/repos/lookout_ws/install/lookout_tower/lib/python3.10/site-packages/lookout_tower-0.0.0-py3.10.egg-info/SOURCES.txt
/home/william/repos/lookout_ws/install/lookout_tower/lib/python3.10/site-packages/lookout_tower-0.0.0-py3.10.egg-info/PKG-INFO
/home/william/repos/lookout_ws/install/lookout_tower/lib/python3.10/site-packages/lookout_tower-0.0.0-py3.10.egg-info/requires.txt
/home/william/repos/lookout_ws/install/lookout_tower/lib/python3.10/site-packages/lookout_tower-0.0.0-py3.10.egg-info/top_level.txt
/home/william/repos/lookout_ws/install/lookout_tower/lib/python3.10/site-packages/lookout_tower-0.0.0-py3.10.egg-info/zip-safe
/home/william/repos/lookout_ws/install/lookout_tower/lib/python3.10/site-packages/lookout_tower-0.0.0-py3.10.egg-info/dependency_links.txt
