[0.597s] Invoking command in '/home/william/repos/lookout_ws/src/lookout_tower': PYTHONPATH=/home/william/repos/lookout_ws/build/lookout_tower/prefix_override:/usr/lib/python3/dist-packages/colcon_core/task/python/colcon_distutils_commands:/home/william/repos/lookout_ws/install/lookout_tower/lib/python3.10/site-packages:${PYTHONPATH} /usr/bin/python3 -W ignore:setup.py install is deprecated setup.py egg_info --egg-base ../../build/lookout_tower build --build-base /home/william/repos/lookout_ws/build/lookout_tower/build install --record /home/william/repos/lookout_ws/build/lookout_tower/install.log --single-version-externally-managed install_data
[0.778s] running egg_info
[0.790s] writing ../../build/lookout_tower/lookout_tower.egg-info/PKG-INFO
[0.797s] writing dependency_links to ../../build/lookout_tower/lookout_tower.egg-info/dependency_links.txt
[0.797s] writing requirements to ../../build/lookout_tower/lookout_tower.egg-info/requires.txt
[0.797s] writing top-level names to ../../build/lookout_tower/lookout_tower.egg-info/top_level.txt
[0.823s] reading manifest file '../../build/lookout_tower/lookout_tower.egg-info/SOURCES.txt'
[0.823s] writing manifest file '../../build/lookout_tower/lookout_tower.egg-info/SOURCES.txt'
[0.823s] running build
[0.824s] running build_py
[0.824s] copying lookout_tower/__init__.py -> /home/william/repos/lookout_ws/build/lookout_tower/build/lib/lookout_tower
[0.824s] running install
[0.827s] running install_lib
[0.841s] running install_data
[0.841s] copying resource/lookout_tower -> /home/william/repos/lookout_ws/install/lookout_tower/share/ament_index/resource_index/packages
[0.841s] copying package.xml -> /home/william/repos/lookout_ws/install/lookout_tower/share/lookout_tower
[0.841s] running install_egg_info
[0.855s] removing '/home/william/repos/lookout_ws/install/lookout_tower/lib/python3.10/site-packages/lookout_tower-0.0.0-py3.10.egg-info' (and everything under it)
[0.855s] Copying ../../build/lookout_tower/lookout_tower.egg-info to /home/william/repos/lookout_ws/install/lookout_tower/lib/python3.10/site-packages/lookout_tower-0.0.0-py3.10.egg-info
[0.856s] running install_scripts
[0.974s] writing list of installed files to '/home/william/repos/lookout_ws/build/lookout_tower/install.log'
[0.993s] Invoked command in '/home/william/repos/lookout_ws/src/lookout_tower' returned '0': PYTHONPATH=/home/william/repos/lookout_ws/build/lookout_tower/prefix_override:/usr/lib/python3/dist-packages/colcon_core/task/python/colcon_distutils_commands:/home/william/repos/lookout_ws/install/lookout_tower/lib/python3.10/site-packages:${PYTHONPATH} /usr/bin/python3 -W ignore:setup.py install is deprecated setup.py egg_info --egg-base ../../build/lookout_tower build --build-base /home/william/repos/lookout_ws/build/lookout_tower/build install --record /home/william/repos/lookout_ws/build/lookout_tower/install.log --single-version-externally-managed install_data
