running egg_info
creating ../../build/lookout_tower/lookout_tower.egg-info
writing ../../build/lookout_tower/lookout_tower.egg-info/PKG-INFO
writing dependency_links to ../../build/lookout_tower/lookout_tower.egg-info/dependency_links.txt
writing requirements to ../../build/lookout_tower/lookout_tower.egg-info/requires.txt
writing top-level names to ../../build/lookout_tower/lookout_tower.egg-info/top_level.txt
writing manifest file '../../build/lookout_tower/lookout_tower.egg-info/SOURCES.txt'
reading manifest file '../../build/lookout_tower/lookout_tower.egg-info/SOURCES.txt'
writing manifest file '../../build/lookout_tower/lookout_tower.egg-info/SOURCES.txt'
running build
running build_py
creating /home/william/repos/lookout_ws/build/lookout_tower/build
creating /home/william/repos/lookout_ws/build/lookout_tower/build/lib
creating /home/william/repos/lookout_ws/build/lookout_tower/build/lib/lookout_tower
copying lookout_tower/__init__.py -> /home/william/repos/lookout_ws/build/lookout_tower/build/lib/lookout_tower
running install
running install_lib
creating /home/william/repos/lookout_ws/install/lookout_tower/lib/python3.10/site-packages/lookout_tower
copying /home/william/repos/lookout_ws/build/lookout_tower/build/lib/lookout_tower/__init__.py -> /home/william/repos/lookout_ws/install/lookout_tower/lib/python3.10/site-packages/lookout_tower
byte-compiling /home/william/repos/lookout_ws/install/lookout_tower/lib/python3.10/site-packages/lookout_tower/__init__.py to __init__.cpython-310.pyc
running install_data
creating /home/william/repos/lookout_ws/install/lookout_tower/share/ament_index
creating /home/william/repos/lookout_ws/install/lookout_tower/share/ament_index/resource_index
creating /home/william/repos/lookout_ws/install/lookout_tower/share/ament_index/resource_index/packages
copying resource/lookout_tower -> /home/william/repos/lookout_ws/install/lookout_tower/share/ament_index/resource_index/packages
copying package.xml -> /home/william/repos/lookout_ws/install/lookout_tower/share/lookout_tower
running install_egg_info
Copying ../../build/lookout_tower/lookout_tower.egg-info to /home/william/repos/lookout_ws/install/lookout_tower/lib/python3.10/site-packages/lookout_tower-0.0.0-py3.10.egg-info
running install_scripts
writing list of installed files to '/home/william/repos/lookout_ws/build/lookout_tower/install.log'
